[debug] [2022-03-19T12:35:01.337Z] ----------------------------------------------------------------------
[debug] [2022-03-19T12:35:01.341Z] Command:       /usr/local/bin/node /usr/local/bin/firebase emulators:start
[debug] [2022-03-19T12:35:01.342Z] CLI Version:   10.4.0
[debug] [2022-03-19T12:35:01.342Z] Platform:      linux
[debug] [2022-03-19T12:35:01.342Z] Node Version:  v17.6.0
[debug] [2022-03-19T12:35:01.343Z] Time:          Sat Mar 19 2022 13:35:01 GMT+0100 (heure normale d’Europe centrale)
[debug] [2022-03-19T12:35:01.344Z] ----------------------------------------------------------------------
[debug] 
[debug] [2022-03-19T12:35:01.545Z] > command requires scopes: ["email","openid","https://www.googleapis.com/auth/cloudplatformprojects.readonly","https://www.googleapis.com/auth/firebase","https://www.googleapis.com/auth/cloud-platform"]
[debug] [2022-03-19T12:35:01.546Z] > authorizing via signed-in user (abdbsalem@gmail.com)
[info] i  emulators: Starting emulators: functions, hosting {"metadata":{"emulator":{"name":"hub"},"message":"Starting emulators: functions, hosting"}}
[debug] [2022-03-19T12:35:01.834Z] [hub] writing locator at /tmp/hub-clone-103b0.json
[warn] ⚠  functions: The following emulators are not running, calls to these services from the Functions emulator will affect production: auth, firestore, database, pubsub, storage {"metadata":{"emulator":{"name":"functions"},"message":"The following emulators are not running, calls to these services from the Functions emulator will affect production: \u001b[1mauth, firestore, database, pubsub, storage\u001b[22m"}}
[warn] ⚠  Your requested "node" version "16" doesn't match your global version "17". Using node@17 from host. {"metadata":{"emulator":{"name":"functions"},"message":"Your requested \"node\" version \"16\" doesn't match your global version \"17\". Using node@17 from host."}}
[debug] [2022-03-19T12:35:01.892Z] defaultcredentials: writing to file /home/mohamed/.config/firebase/abdbsalem_gmail_com_application_default_credentials.json
[debug] [2022-03-19T12:35:01.898Z] Setting GAC to /home/mohamed/.config/firebase/abdbsalem_gmail_com_application_default_credentials.json {"metadata":{"emulator":{"name":"functions"},"message":"Setting GAC to /home/mohamed/.config/firebase/abdbsalem_gmail_com_application_default_credentials.json"}}
[debug] [2022-03-19T12:35:01.903Z] > refreshing access token with scopes: []
[debug] [2022-03-19T12:35:01.904Z] >>> HTTP REQUEST POST https://www.googleapis.com/oauth2/v3/token  
 <request body omitted>
[debug] [2022-03-19T12:35:02.189Z] <<< HTTP RESPONSE 200 {"date":"Sat, 19 Mar 2022 12:35:02 GMT","pragma":"no-cache","cache-control":"no-cache, no-store, max-age=0, must-revalidate","expires":"Mon, 01 Jan 1990 00:00:00 GMT","content-type":"application/json; charset=utf-8","vary":"X-Origin, Referer, Origin,Accept-Encoding","server":"scaffolding on HTTPServer2","x-xss-protection":"0","x-frame-options":"SAMEORIGIN","x-content-type-options":"nosniff","alt-svc":"h3=\":443\"; ma=2592000,h3-29=\":443\"; ma=2592000,h3-Q050=\":443\"; ma=2592000,h3-Q046=\":443\"; ma=2592000,h3-Q043=\":443\"; ma=2592000,quic=\":443\"; ma=2592000; v=\"46,43\"","accept-ranges":"none","transfer-encoding":"chunked"}
[debug] [2022-03-19T12:35:02.213Z] >>> [apiv2][query] GET https://firebase.googleapis.com/v1beta1/projects/clone-103b0/adminSdkConfig [none]
[debug] [2022-03-19T12:35:02.735Z] <<< [apiv2][status] GET https://firebase.googleapis.com/v1beta1/projects/clone-103b0/adminSdkConfig 200
[debug] [2022-03-19T12:35:02.736Z] <<< [apiv2][body] GET https://firebase.googleapis.com/v1beta1/projects/clone-103b0/adminSdkConfig {"projectId":"clone-103b0","storageBucket":"clone-103b0.appspot.com","locationId":"europe-west"}
[debug] [2022-03-19T12:35:02.780Z] >>> [apiv2][query] GET https://firebasehosting.googleapis.com/v1beta1/projects/clone-103b0/sites 
[debug] [2022-03-19T12:35:04.045Z] <<< [apiv2][status] GET https://firebasehosting.googleapis.com/v1beta1/projects/clone-103b0/sites 200
[debug] [2022-03-19T12:35:04.046Z] <<< [apiv2][body] GET https://firebasehosting.googleapis.com/v1beta1/projects/clone-103b0/sites {"sites":[{"name":"projects/252768003986/sites/clone-103b0","defaultUrl":"https://clone-103b0.web.app","appId":"1:252768003986:web:2c723a1939d0567b64434b","type":"DEFAULT_SITE"}]}
[debug] [2022-03-19T12:35:04.047Z] >>> [apiv2][query] GET https://firebase.googleapis.com/v1beta1/projects/clone-103b0/webApps/1:252768003986:web:2c723a1939d0567b64434b/config [none]
[debug] [2022-03-19T12:35:05.067Z] <<< [apiv2][status] GET https://firebase.googleapis.com/v1beta1/projects/clone-103b0/webApps/1:252768003986:web:2c723a1939d0567b64434b/config 200
[debug] [2022-03-19T12:35:05.068Z] <<< [apiv2][body] GET https://firebase.googleapis.com/v1beta1/projects/clone-103b0/webApps/1:252768003986:web:2c723a1939d0567b64434b/config {"projectId":"clone-103b0","appId":"1:252768003986:web:2c723a1939d0567b64434b","storageBucket":"clone-103b0.appspot.com","locationId":"europe-west","apiKey":"AIzaSyBjVNYhxK4FU98eNiClf8MzM_ulnTcnz-E","authDomain":"clone-103b0.firebaseapp.com","messagingSenderId":"252768003986","measurementId":"G-SZGCK5PMRF"}
[info] i  hosting: Serving hosting files from: build {"metadata":{"emulator":{"name":"hosting"},"message":"Serving hosting files from: \u001b[1mbuild\u001b[22m"}}
[info] ✔  hosting: Local server: http://localhost:5000 {"metadata":{"emulator":{"name":"hosting"},"message":"Local server: \u001b[4m\u001b[1mhttp://localhost:5000\u001b[22m\u001b[24m"}}
[debug] [2022-03-19T12:35:05.142Z] Ignoring unsupported arg: auto_download {"metadata":{"emulator":{"name":"ui"},"message":"Ignoring unsupported arg: auto_download"}}
[debug] [2022-03-19T12:35:05.143Z] Ignoring unsupported arg: port {"metadata":{"emulator":{"name":"ui"},"message":"Ignoring unsupported arg: port"}}
[debug] [2022-03-19T12:35:05.143Z] Starting Emulator UI with command {"binary":"node","args":["/home/mohamed/.cache/firebase/emulators/ui-v1.6.5/server.bundle.js"],"optionalArgs":[],"joinArgs":false} {"metadata":{"emulator":{"name":"ui"},"message":"Starting Emulator UI with command {\"binary\":\"node\",\"args\":[\"/home/mohamed/.cache/firebase/emulators/ui-v1.6.5/server.bundle.js\"],\"optionalArgs\":[],\"joinArgs\":false}"}}
[info] i  ui: Emulator UI logging to ui-debug.log {"metadata":{"emulator":{"name":"ui"},"message":"Emulator UI logging to \u001b[1mui-debug.log\u001b[22m"}}
[debug] [2022-03-19T12:35:05.514Z] Web / API server started at localhost:4000
 {"metadata":{"emulator":{"name":"ui"},"message":"Web / API server started at localhost:4000\n"}}
[info] i  functions: Watching "/home/mohamed/Formation/reactjs/Amazon-Clone/functions" for Cloud Functions... {"metadata":{"emulator":{"name":"functions"},"message":"Watching \"/home/mohamed/Formation/reactjs/Amazon-Clone/functions\" for Cloud Functions..."}}
[debug] [2022-03-19T12:35:05.696Z] Validating nodejs source
[debug] [2022-03-19T12:35:10.116Z] > [functions] package.json contents: {
  "name": "functions",
  "description": "Cloud Functions for Firebase",
  "scripts": {
    "lint": "eslint .",
    "serve": "firebase emulators:start --only functions",
    "shell": "firebase functions:shell",
    "start": "npm run shell",
    "deploy": "firebase deploy --only functions",
    "logs": "firebase functions:log"
  },
  "engines": {
    "node": "16"
  },
  "main": "index.js",
  "dependencies": {
    "express": "^4.17.3",
    "firebase-admin": "^10.0.2",
    "firebase-functions": "^3.18.0",
    "stripe": "^8.209.0"
  },
  "devDependencies": {
    "eslint": "^8.9.0",
    "eslint-config-google": "^0.14.0",
    "firebase-functions-test": "^0.2.0"
  },
  "private": true
}
[debug] [2022-03-19T12:35:10.118Z] Building nodejs source
[debug] [2022-03-19T12:35:10.118Z] Analyzing nodejs backend spec
[info] ✔  functions[us-central1-api]: http function initialized (http://localhost:5001/clone-103b0/us-central1/api). {"metadata":{"emulator":{"name":"functions"},"message":"\u001b[1mhttp\u001b[22m function initialized (http://localhost:5001/clone-103b0/us-central1/api)."}}
[info] 
┌─────────────────────────────────────────────────────────────┐
│ ✔  All emulators ready! It is now safe to connect your app. │
│ i  View Emulator UI at http://localhost:4000                │
└─────────────────────────────────────────────────────────────┘

┌───────────┬────────────────┬─────────────────────────────────┐
│ Emulator  │ Host:Port      │ View in Emulator UI             │
├───────────┼────────────────┼─────────────────────────────────┤
│ Functions │ localhost:5001 │ http://localhost:4000/functions │
├───────────┼────────────────┼─────────────────────────────────┤
│ Hosting   │ localhost:5000 │ n/a                             │
└───────────┴────────────────┴─────────────────────────────────┘
  Emulator Hub running at localhost:4400
  Other reserved ports: 4500

Issues? Report them at https://github.com/firebase/firebase-tools/issues and attach the *-debug.log files.
 
[debug] [2022-03-19T12:36:02.543Z] [work-queue] {"queueLength":1,"workRunningCount":0}
[debug] [2022-03-19T12:36:02.544Z] [work-queue] {"queueLength":0,"workRunningCount":1}
[debug] [2022-03-19T12:36:02.546Z] Accepted request POST /clone-103b0/us-central1/api/payments/create?total=71700 --> us-central1-api
[debug] [2022-03-19T12:36:02.566Z] [worker-pool] addWorker(us-central1-api) {"metadata":{"emulator":{"name":"functions"},"message":"[worker-pool] addWorker(us-central1-api)"}}
[debug] [2022-03-19T12:36:02.567Z] [worker-pool] Adding worker with key us-central1-api, total=1 {"metadata":{"emulator":{"name":"functions"},"message":"[worker-pool] Adding worker with key us-central1-api, total=1"}}
[debug] [2022-03-19T12:36:02.568Z] [worker-pool] submitWork(triggerId=us-central1-api) {"metadata":{"emulator":{"name":"functions"},"message":"[worker-pool] submitWork(triggerId=us-central1-api)"}}
[debug] [2022-03-19T12:36:02.568Z] [worker-us-central1-api-0906e6b0-a5fa-44b8-bde1-269616184133]: Assigning socketPath: /tmp/fire_emu_36045.sock {"metadata":{"emulator":{"name":"functions"},"message":"[worker-us-central1-api-0906e6b0-a5fa-44b8-bde1-269616184133]: Assigning socketPath: /tmp/fire_emu_36045.sock"}}
[debug] [2022-03-19T12:36:02.569Z] [worker-us-central1-api-0906e6b0-a5fa-44b8-bde1-269616184133]: BUSY {"metadata":{"emulator":{"name":"functions"},"message":"[worker-us-central1-api-0906e6b0-a5fa-44b8-bde1-269616184133]: BUSY"}}
[debug] [2022-03-19T12:36:04.535Z] [runtime-status] [36045] Functions runtime initialized. {"cwd":"/home/mohamed/Formation/reactjs/Amazon-Clone/functions","node_version":"17.6.0"} {"metadata":{"emulator":{"name":"functions"},"function":{"name":"us-central1-api"},"extension":{},"message":"[runtime-status] [36045] Functions runtime initialized. {\"cwd\":\"/home/mohamed/Formation/reactjs/Amazon-Clone/functions\",\"node_version\":\"17.6.0\"}"}}
[debug] [2022-03-19T12:36:04.538Z] [runtime-status] [36045] Disabled runtime features: undefined {"metadata":{"emulator":{"name":"functions"},"function":{"name":"us-central1-api"},"extension":{},"message":"[runtime-status] [36045] Disabled runtime features: undefined"}}
[debug] [2022-03-19T12:36:04.544Z] [runtime-status] [36045] Resolved module firebase-admin {"declared":true,"installed":true,"version":"10.0.2","resolution":"/home/mohamed/Formation/reactjs/Amazon-Clone/functions/node_modules/firebase-admin/lib/index.js"} {"metadata":{"emulator":{"name":"functions"},"function":{"name":"us-central1-api"},"extension":{},"message":"[runtime-status] [36045] Resolved module firebase-admin {\"declared\":true,\"installed\":true,\"version\":\"10.0.2\",\"resolution\":\"/home/mohamed/Formation/reactjs/Amazon-Clone/functions/node_modules/firebase-admin/lib/index.js\"}"}}
[debug] [2022-03-19T12:36:04.547Z] [runtime-status] [36045] Resolved module firebase-functions {"declared":true,"installed":true,"version":"3.19.0","resolution":"/home/mohamed/Formation/reactjs/Amazon-Clone/functions/node_modules/firebase-functions/lib/index.js"} {"metadata":{"emulator":{"name":"functions"},"function":{"name":"us-central1-api"},"extension":{},"message":"[runtime-status] [36045] Resolved module firebase-functions {\"declared\":true,\"installed\":true,\"version\":\"3.19.0\",\"resolution\":\"/home/mohamed/Formation/reactjs/Amazon-Clone/functions/node_modules/firebase-functions/lib/index.js\"}"}}
[debug] [2022-03-19T12:36:04.550Z] [runtime-status] [36045] Outgoing network have been stubbed. [{"name":"http","status":"mocked"},{"name":"http","status":"mocked"},{"name":"https","status":"mocked"},{"name":"https","status":"mocked"},{"name":"net","status":"mocked"}] {"metadata":{"emulator":{"name":"functions"},"function":{"name":"us-central1-api"},"extension":{},"message":"[runtime-status] [36045] Outgoing network have been stubbed. [{\"name\":\"http\",\"status\":\"mocked\"},{\"name\":\"http\",\"status\":\"mocked\"},{\"name\":\"https\",\"status\":\"mocked\"},{\"name\":\"https\",\"status\":\"mocked\"},{\"name\":\"net\",\"status\":\"mocked\"}]"}}
[debug] [2022-03-19T12:36:04.551Z] [runtime-status] [36045] Resolved module firebase-functions {"declared":true,"installed":true,"version":"3.19.0","resolution":"/home/mohamed/Formation/reactjs/Amazon-Clone/functions/node_modules/firebase-functions/lib/index.js"} {"metadata":{"emulator":{"name":"functions"},"function":{"name":"us-central1-api"},"extension":{},"message":"[runtime-status] [36045] Resolved module firebase-functions {\"declared\":true,\"installed\":true,\"version\":\"3.19.0\",\"resolution\":\"/home/mohamed/Formation/reactjs/Amazon-Clone/functions/node_modules/firebase-functions/lib/index.js\"}"}}
[debug] [2022-03-19T12:36:04.605Z] [runtime-status] [36045] Checked functions.config() {"config":{}} {"metadata":{"emulator":{"name":"functions"},"function":{"name":"us-central1-api"},"extension":{},"message":"[runtime-status] [36045] Checked functions.config() {\"config\":{}}"}}
[debug] [2022-03-19T12:36:04.605Z] [runtime-status] [36045] firebase-functions has been stubbed. {"functionsResolution":{"declared":true,"installed":true,"version":"3.19.0","resolution":"/home/mohamed/Formation/reactjs/Amazon-Clone/functions/node_modules/firebase-functions/lib/index.js"}} {"metadata":{"emulator":{"name":"functions"},"function":{"name":"us-central1-api"},"extension":{},"message":"[runtime-status] [36045] firebase-functions has been stubbed. {\"functionsResolution\":{\"declared\":true,\"installed\":true,\"version\":\"3.19.0\",\"resolution\":\"/home/mohamed/Formation/reactjs/Amazon-Clone/functions/node_modules/firebase-functions/lib/index.js\"}}"}}
[debug] [2022-03-19T12:36:04.607Z] [runtime-status] [36045] Resolved module firebase-functions {"declared":true,"installed":true,"version":"3.19.0","resolution":"/home/mohamed/Formation/reactjs/Amazon-Clone/functions/node_modules/firebase-functions/lib/index.js"} {"metadata":{"emulator":{"name":"functions"},"function":{"name":"us-central1-api"},"extension":{},"message":"[runtime-status] [36045] Resolved module firebase-functions {\"declared\":true,\"installed\":true,\"version\":\"3.19.0\",\"resolution\":\"/home/mohamed/Formation/reactjs/Amazon-Clone/functions/node_modules/firebase-functions/lib/index.js\"}"}}
[debug] [2022-03-19T12:36:04.609Z] [runtime-status] [36045] Resolved module firebase-admin {"declared":true,"installed":true,"version":"10.0.2","resolution":"/home/mohamed/Formation/reactjs/Amazon-Clone/functions/node_modules/firebase-admin/lib/index.js"} {"metadata":{"emulator":{"name":"functions"},"function":{"name":"us-central1-api"},"extension":{},"message":"[runtime-status] [36045] Resolved module firebase-admin {\"declared\":true,\"installed\":true,\"version\":\"10.0.2\",\"resolution\":\"/home/mohamed/Formation/reactjs/Amazon-Clone/functions/node_modules/firebase-admin/lib/index.js\"}"}}
[debug] [2022-03-19T12:36:04.610Z] [runtime-status] [36045] Resolved module firebase-functions {"declared":true,"installed":true,"version":"3.19.0","resolution":"/home/mohamed/Formation/reactjs/Amazon-Clone/functions/node_modules/firebase-functions/lib/index.js"} {"metadata":{"emulator":{"name":"functions"},"function":{"name":"us-central1-api"},"extension":{},"message":"[runtime-status] [36045] Resolved module firebase-functions {\"declared\":true,\"installed\":true,\"version\":\"3.19.0\",\"resolution\":\"/home/mohamed/Formation/reactjs/Amazon-Clone/functions/node_modules/firebase-functions/lib/index.js\"}"}}
[debug] [2022-03-19T12:36:04.612Z] [runtime-status] [36045] firebase-admin has been stubbed. {"adminResolution":{"declared":true,"installed":true,"version":"10.0.2","resolution":"/home/mohamed/Formation/reactjs/Amazon-Clone/functions/node_modules/firebase-admin/lib/index.js"}} {"metadata":{"emulator":{"name":"functions"},"function":{"name":"us-central1-api"},"extension":{},"message":"[runtime-status] [36045] firebase-admin has been stubbed. {\"adminResolution\":{\"declared\":true,\"installed\":true,\"version\":\"10.0.2\",\"resolution\":\"/home/mohamed/Formation/reactjs/Amazon-Clone/functions/node_modules/firebase-admin/lib/index.js\"}}"}}
[debug] [2022-03-19T12:36:04.743Z] [runtime-status] [36045] Beginning invocation function api! {"metadata":{"emulator":{"name":"functions"},"function":{"name":"us-central1-api"},"extension":{},"message":"[runtime-status] [36045] Beginning invocation function api!"}}
[info] i  functions: Beginning execution of "api" {"metadata":{"emulator":{"name":"functions"},"function":{"name":"us-central1-api"},"extension":{},"message":"Beginning execution of \"api\""}}
[debug] [2022-03-19T12:36:04.745Z] [runtime-status] [36045] Running api in signature http {"metadata":{"emulator":{"name":"functions"},"function":{"name":"us-central1-api"},"extension":{},"message":"[runtime-status] [36045] Running api in signature http"}}
[debug] [2022-03-19T12:36:04.752Z] [runtime-status] [36045] Attempting to listen to socketPath: /tmp/fire_emu_36045.sock {"metadata":{"emulator":{"name":"functions"},"function":{"name":"us-central1-api"},"extension":{},"message":"[runtime-status] [36045] Attempting to listen to socketPath: /tmp/fire_emu_36045.sock"}}
[debug] [2022-03-19T12:36:04.773Z] [functions] Runtime ready! Sending request! {"metadata":{"emulator":{"name":"functions"},"message":"[functions] Runtime ready! Sending request!"}}
[debug] [2022-03-19T12:36:04.776Z] [functions] Got req.url=/clone-103b0/us-central1/api/payments/create?total=71700, mapping to path=/payments/create?total=71700 {"metadata":{"emulator":{"name":"functions"},"message":"[functions] Got req.url=/clone-103b0/us-central1/api/payments/create?total=71700, mapping to path=/payments/create?total=71700"}}
[debug] [2022-03-19T12:36:04.792Z] [runtime-status] [36045] Ephemeral server handling POST request {"metadata":{"emulator":{"name":"functions"},"function":{"name":"us-central1-api"},"extension":{},"message":"[runtime-status] [36045] Ephemeral server handling POST request"}}
[info] >  payment Request Recived BOOM!! for this amount >>>>  71700 {"user":"payment Request Recived BOOM!! for this amount >>>>  71700","metadata":{"emulator":{"name":"functions"},"function":{"name":"us-central1-api"},"extension":{},"message":"\u001b[90m> \u001b[39m payment Request Recived BOOM!! for this amount >>>>  71700"}}
[debug] [2022-03-19T12:36:04.817Z] [runtime-status] [36045] Ephemeral server survived. {"metadata":{"emulator":{"name":"functions"},"function":{"name":"us-central1-api"},"extension":{},"message":"[runtime-status] [36045] Ephemeral server survived."}}
[info] >  SEC >>>>>  pi_3Kf1VtIlPEqhutrS2aVulbm5_secret_yW4Nw824b0t9AQ4GtmFeN9wPK {"user":"SEC >>>>>  pi_3Kf1VtIlPEqhutrS2aVulbm5_secret_yW4Nw824b0t9AQ4GtmFeN9wPK","metadata":{"emulator":{"name":"functions"},"function":{"name":"us-central1-api"},"extension":{},"message":"\u001b[90m> \u001b[39m SEC >>>>>  pi_3Kf1VtIlPEqhutrS2aVulbm5_secret_yW4Nw824b0t9AQ4GtmFeN9wPK"}}
[info] i  functions: Finished "api" in ~4s {"metadata":{"emulator":{"name":"functions"},"function":{"name":"us-central1-api"},"extension":{},"message":"Finished \"api\" in ~4s"}}
[debug] [2022-03-19T12:36:09.295Z] [worker-us-central1-api-0906e6b0-a5fa-44b8-bde1-269616184133]: IDLE {"metadata":{"emulator":{"name":"functions"},"message":"[worker-us-central1-api-0906e6b0-a5fa-44b8-bde1-269616184133]: IDLE"}}
[debug] [2022-03-19T12:36:09.296Z] [work-queue] {"queueLength":0,"workRunningCount":0}
[debug] [2022-03-19T12:38:32.502Z] [work-queue] {"queueLength":1,"workRunningCount":0}
[debug] [2022-03-19T12:38:32.503Z] [work-queue] {"queueLength":0,"workRunningCount":1}
[debug] [2022-03-19T12:38:32.503Z] Accepted request POST /clone-103b0/us-central1/api/payments/create?total=0 --> us-central1-api
[debug] [2022-03-19T12:38:32.503Z] [worker-pool] submitWork(triggerId=us-central1-api) {"metadata":{"emulator":{"name":"functions"},"message":"[worker-pool] submitWork(triggerId=us-central1-api)"}}
[debug] [2022-03-19T12:38:32.504Z] [worker-us-central1-api-0906e6b0-a5fa-44b8-bde1-269616184133]: Assigning socketPath: /tmp/fire_emu_36045.sock {"metadata":{"emulator":{"name":"functions"},"message":"[worker-us-central1-api-0906e6b0-a5fa-44b8-bde1-269616184133]: Assigning socketPath: /tmp/fire_emu_36045.sock"}}
[debug] [2022-03-19T12:38:32.505Z] [worker-us-central1-api-0906e6b0-a5fa-44b8-bde1-269616184133]: BUSY {"metadata":{"emulator":{"name":"functions"},"message":"[worker-us-central1-api-0906e6b0-a5fa-44b8-bde1-269616184133]: BUSY"}}
[debug] [2022-03-19T12:38:32.508Z] [runtime-status] [36045] Beginning invocation function api! {"metadata":{"emulator":{"name":"functions"},"function":{"name":"us-central1-api"},"extension":{},"message":"[runtime-status] [36045] Beginning invocation function api!"}}
[info] i  functions: Beginning execution of "api" {"metadata":{"emulator":{"name":"functions"},"function":{"name":"us-central1-api"},"extension":{},"message":"Beginning execution of \"api\""}}
[debug] [2022-03-19T12:38:32.510Z] [runtime-status] [36045] Running api in signature http {"metadata":{"emulator":{"name":"functions"},"function":{"name":"us-central1-api"},"extension":{},"message":"[runtime-status] [36045] Running api in signature http"}}
[debug] [2022-03-19T12:38:32.511Z] [runtime-status] [36045] Attempting to listen to socketPath: /tmp/fire_emu_36045.sock {"metadata":{"emulator":{"name":"functions"},"function":{"name":"us-central1-api"},"extension":{},"message":"[runtime-status] [36045] Attempting to listen to socketPath: /tmp/fire_emu_36045.sock"}}
[debug] [2022-03-19T12:38:32.522Z] [functions] Runtime ready! Sending request! {"metadata":{"emulator":{"name":"functions"},"message":"[functions] Runtime ready! Sending request!"}}
[debug] [2022-03-19T12:38:32.523Z] [functions] Got req.url=/clone-103b0/us-central1/api/payments/create?total=0, mapping to path=/payments/create?total=0 {"metadata":{"emulator":{"name":"functions"},"message":"[functions] Got req.url=/clone-103b0/us-central1/api/payments/create?total=0, mapping to path=/payments/create?total=0"}}
[debug] [2022-03-19T12:38:32.531Z] [runtime-status] [36045] Ephemeral server handling POST request {"metadata":{"emulator":{"name":"functions"},"function":{"name":"us-central1-api"},"extension":{},"message":"[runtime-status] [36045] Ephemeral server handling POST request"}}
[info] >  payment Request Recived BOOM!! for this amount >>>>  0 {"user":"payment Request Recived BOOM!! for this amount >>>>  0","metadata":{"emulator":{"name":"functions"},"function":{"name":"us-central1-api"},"extension":{},"message":"\u001b[90m> \u001b[39m payment Request Recived BOOM!! for this amount >>>>  0"}}
[debug] [2022-03-19T12:38:32.540Z] [runtime-status] [36045] Ephemeral server survived. {"metadata":{"emulator":{"name":"functions"},"function":{"name":"us-central1-api"},"extension":{},"message":"[runtime-status] [36045] Ephemeral server survived."}}
[info] >  /home/mohamed/Formation/reactjs/Amazon-Clone/functions/node_modules/stripe/lib/Error.js:40 {"user":"/home/mohamed/Formation/reactjs/Amazon-Clone/functions/node_modules/stripe/lib/Error.js:40","metadata":{"emulator":{"name":"functions"},"function":{"name":"us-central1-api"},"extension":{},"message":"\u001b[90m> \u001b[39m /home/mohamed/Formation/reactjs/Amazon-Clone/functions/node_modules/stripe/lib/Error.js:40"}}
[info] >          return new StripeInvalidRequestError(rawStripeError); {"user":"        return new StripeInvalidRequestError(rawStripeError);","metadata":{"emulator":{"name":"functions"},"function":{"name":"us-central1-api"},"extension":{},"message":"\u001b[90m> \u001b[39m         return new StripeInvalidRequestError(rawStripeError);"}}
[info] >                 ^ {"user":"               ^","metadata":{"emulator":{"name":"functions"},"function":{"name":"us-central1-api"},"extension":{},"message":"\u001b[90m> \u001b[39m                ^"}}
[info] >   {"user":"","metadata":{"emulator":{"name":"functions"},"function":{"name":"us-central1-api"},"extension":{},"message":"\u001b[90m> \u001b[39m "}}
[info] >  StripeInvalidRequestError: This value must be greater than or equal to 1. {"user":"StripeInvalidRequestError: This value must be greater than or equal to 1.","metadata":{"emulator":{"name":"functions"},"function":{"name":"us-central1-api"},"extension":{},"message":"\u001b[90m> \u001b[39m StripeInvalidRequestError: This value must be greater than or equal to 1."}}
[info] >      at Function.generate (/home/mohamed/Formation/reactjs/Amazon-Clone/functions/node_modules/stripe/lib/Error.js:40:16) {"user":"    at Function.generate (/home/mohamed/Formation/reactjs/Amazon-Clone/functions/node_modules/stripe/lib/Error.js:40:16)","metadata":{"emulator":{"name":"functions"},"function":{"name":"us-central1-api"},"extension":{},"message":"\u001b[90m> \u001b[39m     at Function.generate (/home/mohamed/Formation/reactjs/Amazon-Clone/functions/node_modules/stripe/lib/Error.js:40:16)"}}
[info] >      at res.toJSON.then.StripeAPIError.message (/home/mohamed/Formation/reactjs/Amazon-Clone/functions/node_modules/stripe/lib/StripeResource.js:220:35) {"user":"    at res.toJSON.then.StripeAPIError.message (/home/mohamed/Formation/reactjs/Amazon-Clone/functions/node_modules/stripe/lib/StripeResource.js:220:35)","metadata":{"emulator":{"name":"functions"},"function":{"name":"us-central1-api"},"extension":{},"message":"\u001b[90m> \u001b[39m     at res.toJSON.then.StripeAPIError.message (/home/mohamed/Formation/reactjs/Amazon-Clone/functions/node_modules/stripe/lib/StripeResource.js:220:35)"}}
[info] >      at processTicksAndRejections (node:internal/process/task_queues:96:5) { {"user":"    at processTicksAndRejections (node:internal/process/task_queues:96:5) {","metadata":{"emulator":{"name":"functions"},"function":{"name":"us-central1-api"},"extension":{},"message":"\u001b[90m> \u001b[39m     at processTicksAndRejections (node:internal/process/task_queues:96:5) {"}}
[info] >    type: 'StripeInvalidRequestError', {"user":"  type: 'StripeInvalidRequestError',","metadata":{"emulator":{"name":"functions"},"function":{"name":"us-central1-api"},"extension":{},"message":"\u001b[90m> \u001b[39m   type: 'StripeInvalidRequestError',"}}
[info] >    raw: { {"user":"  raw: {","metadata":{"emulator":{"name":"functions"},"function":{"name":"us-central1-api"},"extension":{},"message":"\u001b[90m> \u001b[39m   raw: {"}}
[info] >      code: 'parameter_invalid_integer', {"user":"    code: 'parameter_invalid_integer',","metadata":{"emulator":{"name":"functions"},"function":{"name":"us-central1-api"},"extension":{},"message":"\u001b[90m> \u001b[39m     code: 'parameter_invalid_integer',"}}
[info] >      doc_url: 'https://stripe.com/docs/error-codes/parameter-invalid-integer', {"user":"    doc_url: 'https://stripe.com/docs/error-codes/parameter-invalid-integer',","metadata":{"emulator":{"name":"functions"},"function":{"name":"us-central1-api"},"extension":{},"message":"\u001b[90m> \u001b[39m     doc_url: 'https://stripe.com/docs/error-codes/parameter-invalid-integer',"}}
[info] >      message: 'This value must be greater than or equal to 1.', {"user":"    message: 'This value must be greater than or equal to 1.',","metadata":{"emulator":{"name":"functions"},"function":{"name":"us-central1-api"},"extension":{},"message":"\u001b[90m> \u001b[39m     message: 'This value must be greater than or equal to 1.',"}}
[info] >      param: 'amount', {"user":"    param: 'amount',","metadata":{"emulator":{"name":"functions"},"function":{"name":"us-central1-api"},"extension":{},"message":"\u001b[90m> \u001b[39m     param: 'amount',"}}
[info] >      type: 'invalid_request_error', {"user":"    type: 'invalid_request_error',","metadata":{"emulator":{"name":"functions"},"function":{"name":"us-central1-api"},"extension":{},"message":"\u001b[90m> \u001b[39m     type: 'invalid_request_error',"}}
[info] >      headers: { {"user":"    headers: {","metadata":{"emulator":{"name":"functions"},"function":{"name":"us-central1-api"},"extension":{},"message":"\u001b[90m> \u001b[39m     headers: {"}}
[info] >        server: 'nginx', {"user":"      server: 'nginx',","metadata":{"emulator":{"name":"functions"},"function":{"name":"us-central1-api"},"extension":{},"message":"\u001b[90m> \u001b[39m       server: 'nginx',"}}
[info] >        date: 'Sat, 19 Mar 2022 12:38:33 GMT', {"user":"      date: 'Sat, 19 Mar 2022 12:38:33 GMT',","metadata":{"emulator":{"name":"functions"},"function":{"name":"us-central1-api"},"extension":{},"message":"\u001b[90m> \u001b[39m       date: 'Sat, 19 Mar 2022 12:38:33 GMT',"}}
[info] >        'content-type': 'application/json', {"user":"      'content-type': 'application/json',","metadata":{"emulator":{"name":"functions"},"function":{"name":"us-central1-api"},"extension":{},"message":"\u001b[90m> \u001b[39m       'content-type': 'application/json',"}}
[info] >        'content-length': '266', {"user":"      'content-length': '266',","metadata":{"emulator":{"name":"functions"},"function":{"name":"us-central1-api"},"extension":{},"message":"\u001b[90m> \u001b[39m       'content-length': '266',"}}
[info] >        connection: 'keep-alive', {"user":"      connection: 'keep-alive',","metadata":{"emulator":{"name":"functions"},"function":{"name":"us-central1-api"},"extension":{},"message":"\u001b[90m> \u001b[39m       connection: 'keep-alive',"}}
[info] >        'access-control-allow-credentials': 'true', {"user":"      'access-control-allow-credentials': 'true',","metadata":{"emulator":{"name":"functions"},"function":{"name":"us-central1-api"},"extension":{},"message":"\u001b[90m> \u001b[39m       'access-control-allow-credentials': 'true',"}}
[info] >        'access-control-allow-methods': 'GET, POST, HEAD, OPTIONS, DELETE', {"user":"      'access-control-allow-methods': 'GET, POST, HEAD, OPTIONS, DELETE',","metadata":{"emulator":{"name":"functions"},"function":{"name":"us-central1-api"},"extension":{},"message":"\u001b[90m> \u001b[39m       'access-control-allow-methods': 'GET, POST, HEAD, OPTIONS, DELETE',"}}
[info] >        'access-control-allow-origin': '*', {"user":"      'access-control-allow-origin': '*',","metadata":{"emulator":{"name":"functions"},"function":{"name":"us-central1-api"},"extension":{},"message":"\u001b[90m> \u001b[39m       'access-control-allow-origin': '*',"}}
[info] >        'access-control-expose-headers': 'Request-Id, Stripe-Manage-Version, X-Stripe-External-Auth-Required, X-Stripe-Privileged-Session-Required', {"user":"      'access-control-expose-headers': 'Request-Id, Stripe-Manage-Version, X-Stripe-External-Auth-Required, X-Stripe-Privileged-Session-Required',","metadata":{"emulator":{"name":"functions"},"function":{"name":"us-central1-api"},"extension":{},"message":"\u001b[90m> \u001b[39m       'access-control-expose-headers': 'Request-Id, Stripe-Manage-Version, X-Stripe-External-Auth-Required, X-Stripe-Privileged-Session-Required',"}}
[info] >        'access-control-max-age': '300', {"user":"      'access-control-max-age': '300',","metadata":{"emulator":{"name":"functions"},"function":{"name":"us-central1-api"},"extension":{},"message":"\u001b[90m> \u001b[39m       'access-control-max-age': '300',"}}
[info] >        'cache-control': 'no-cache, no-store', {"user":"      'cache-control': 'no-cache, no-store',","metadata":{"emulator":{"name":"functions"},"function":{"name":"us-central1-api"},"extension":{},"message":"\u001b[90m> \u001b[39m       'cache-control': 'no-cache, no-store',"}}
[info] >        'idempotency-key': '2d0a04cb-fb7f-4d83-91d1-160659eba79d', {"user":"      'idempotency-key': '2d0a04cb-fb7f-4d83-91d1-160659eba79d',","metadata":{"emulator":{"name":"functions"},"function":{"name":"us-central1-api"},"extension":{},"message":"\u001b[90m> \u001b[39m       'idempotency-key': '2d0a04cb-fb7f-4d83-91d1-160659eba79d',"}}
[info] >        'original-request': 'req_Q6eKu2G2p5HVy7', {"user":"      'original-request': 'req_Q6eKu2G2p5HVy7',","metadata":{"emulator":{"name":"functions"},"function":{"name":"us-central1-api"},"extension":{},"message":"\u001b[90m> \u001b[39m       'original-request': 'req_Q6eKu2G2p5HVy7',"}}
[info] >        'request-id': 'req_Q6eKu2G2p5HVy7', {"user":"      'request-id': 'req_Q6eKu2G2p5HVy7',","metadata":{"emulator":{"name":"functions"},"function":{"name":"us-central1-api"},"extension":{},"message":"\u001b[90m> \u001b[39m       'request-id': 'req_Q6eKu2G2p5HVy7',"}}
[info] >        'stripe-version': '2020-08-27', {"user":"      'stripe-version': '2020-08-27',","metadata":{"emulator":{"name":"functions"},"function":{"name":"us-central1-api"},"extension":{},"message":"\u001b[90m> \u001b[39m       'stripe-version': '2020-08-27',"}}
[info] >        'strict-transport-security': 'max-age=31556926; includeSubDomains; preload' {"user":"      'strict-transport-security': 'max-age=31556926; includeSubDomains; preload'","metadata":{"emulator":{"name":"functions"},"function":{"name":"us-central1-api"},"extension":{},"message":"\u001b[90m> \u001b[39m       'strict-transport-security': 'max-age=31556926; includeSubDomains; preload'"}}
[info] >      }, {"user":"    },","metadata":{"emulator":{"name":"functions"},"function":{"name":"us-central1-api"},"extension":{},"message":"\u001b[90m> \u001b[39m     },"}}
[info] >      statusCode: 400, {"user":"    statusCode: 400,","metadata":{"emulator":{"name":"functions"},"function":{"name":"us-central1-api"},"extension":{},"message":"\u001b[90m> \u001b[39m     statusCode: 400,"}}
[info] >      requestId: 'req_Q6eKu2G2p5HVy7' {"user":"    requestId: 'req_Q6eKu2G2p5HVy7'","metadata":{"emulator":{"name":"functions"},"function":{"name":"us-central1-api"},"extension":{},"message":"\u001b[90m> \u001b[39m     requestId: 'req_Q6eKu2G2p5HVy7'"}}
[info] >    }, {"user":"  },","metadata":{"emulator":{"name":"functions"},"function":{"name":"us-central1-api"},"extension":{},"message":"\u001b[90m> \u001b[39m   },"}}
[info] >    rawType: 'invalid_request_error', {"user":"  rawType: 'invalid_request_error',","metadata":{"emulator":{"name":"functions"},"function":{"name":"us-central1-api"},"extension":{},"message":"\u001b[90m> \u001b[39m   rawType: 'invalid_request_error',"}}
[info] >    code: 'parameter_invalid_integer', {"user":"  code: 'parameter_invalid_integer',","metadata":{"emulator":{"name":"functions"},"function":{"name":"us-central1-api"},"extension":{},"message":"\u001b[90m> \u001b[39m   code: 'parameter_invalid_integer',"}}
[info] >    doc_url: 'https://stripe.com/docs/error-codes/parameter-invalid-integer', {"user":"  doc_url: 'https://stripe.com/docs/error-codes/parameter-invalid-integer',","metadata":{"emulator":{"name":"functions"},"function":{"name":"us-central1-api"},"extension":{},"message":"\u001b[90m> \u001b[39m   doc_url: 'https://stripe.com/docs/error-codes/parameter-invalid-integer',"}}
[info] >    param: 'amount', {"user":"  param: 'amount',","metadata":{"emulator":{"name":"functions"},"function":{"name":"us-central1-api"},"extension":{},"message":"\u001b[90m> \u001b[39m   param: 'amount',"}}
[info] >    detail: undefined, {"user":"  detail: undefined,","metadata":{"emulator":{"name":"functions"},"function":{"name":"us-central1-api"},"extension":{},"message":"\u001b[90m> \u001b[39m   detail: undefined,"}}
[info] >    headers: { {"user":"  headers: {","metadata":{"emulator":{"name":"functions"},"function":{"name":"us-central1-api"},"extension":{},"message":"\u001b[90m> \u001b[39m   headers: {"}}
[info] >      server: 'nginx', {"user":"    server: 'nginx',","metadata":{"emulator":{"name":"functions"},"function":{"name":"us-central1-api"},"extension":{},"message":"\u001b[90m> \u001b[39m     server: 'nginx',"}}
[info] >      date: 'Sat, 19 Mar 2022 12:38:33 GMT', {"user":"    date: 'Sat, 19 Mar 2022 12:38:33 GMT',","metadata":{"emulator":{"name":"functions"},"function":{"name":"us-central1-api"},"extension":{},"message":"\u001b[90m> \u001b[39m     date: 'Sat, 19 Mar 2022 12:38:33 GMT',"}}
[info] >      'content-type': 'application/json', {"user":"    'content-type': 'application/json',","metadata":{"emulator":{"name":"functions"},"function":{"name":"us-central1-api"},"extension":{},"message":"\u001b[90m> \u001b[39m     'content-type': 'application/json',"}}
[info] >      'content-length': '266', {"user":"    'content-length': '266',","metadata":{"emulator":{"name":"functions"},"function":{"name":"us-central1-api"},"extension":{},"message":"\u001b[90m> \u001b[39m     'content-length': '266',"}}
[info] >      connection: 'keep-alive', {"user":"    connection: 'keep-alive',","metadata":{"emulator":{"name":"functions"},"function":{"name":"us-central1-api"},"extension":{},"message":"\u001b[90m> \u001b[39m     connection: 'keep-alive',"}}
[info] >      'access-control-allow-credentials': 'true', {"user":"    'access-control-allow-credentials': 'true',","metadata":{"emulator":{"name":"functions"},"function":{"name":"us-central1-api"},"extension":{},"message":"\u001b[90m> \u001b[39m     'access-control-allow-credentials': 'true',"}}
[info] >      'access-control-allow-methods': 'GET, POST, HEAD, OPTIONS, DELETE', {"user":"    'access-control-allow-methods': 'GET, POST, HEAD, OPTIONS, DELETE',","metadata":{"emulator":{"name":"functions"},"function":{"name":"us-central1-api"},"extension":{},"message":"\u001b[90m> \u001b[39m     'access-control-allow-methods': 'GET, POST, HEAD, OPTIONS, DELETE',"}}
[info] >      'access-control-allow-origin': '*', {"user":"    'access-control-allow-origin': '*',","metadata":{"emulator":{"name":"functions"},"function":{"name":"us-central1-api"},"extension":{},"message":"\u001b[90m> \u001b[39m     'access-control-allow-origin': '*',"}}
[info] >      'access-control-expose-headers': 'Request-Id, Stripe-Manage-Version, X-Stripe-External-Auth-Required, X-Stripe-Privileged-Session-Required', {"user":"    'access-control-expose-headers': 'Request-Id, Stripe-Manage-Version, X-Stripe-External-Auth-Required, X-Stripe-Privileged-Session-Required',","metadata":{"emulator":{"name":"functions"},"function":{"name":"us-central1-api"},"extension":{},"message":"\u001b[90m> \u001b[39m     'access-control-expose-headers': 'Request-Id, Stripe-Manage-Version, X-Stripe-External-Auth-Required, X-Stripe-Privileged-Session-Required',"}}
[info] >      'access-control-max-age': '300', {"user":"    'access-control-max-age': '300',","metadata":{"emulator":{"name":"functions"},"function":{"name":"us-central1-api"},"extension":{},"message":"\u001b[90m> \u001b[39m     'access-control-max-age': '300',"}}
[info] >      'cache-control': 'no-cache, no-store', {"user":"    'cache-control': 'no-cache, no-store',","metadata":{"emulator":{"name":"functions"},"function":{"name":"us-central1-api"},"extension":{},"message":"\u001b[90m> \u001b[39m     'cache-control': 'no-cache, no-store',"}}
[info] >      'idempotency-key': '2d0a04cb-fb7f-4d83-91d1-160659eba79d', {"user":"    'idempotency-key': '2d0a04cb-fb7f-4d83-91d1-160659eba79d',","metadata":{"emulator":{"name":"functions"},"function":{"name":"us-central1-api"},"extension":{},"message":"\u001b[90m> \u001b[39m     'idempotency-key': '2d0a04cb-fb7f-4d83-91d1-160659eba79d',"}}
[info] >      'original-request': 'req_Q6eKu2G2p5HVy7', {"user":"    'original-request': 'req_Q6eKu2G2p5HVy7',","metadata":{"emulator":{"name":"functions"},"function":{"name":"us-central1-api"},"extension":{},"message":"\u001b[90m> \u001b[39m     'original-request': 'req_Q6eKu2G2p5HVy7',"}}
[info] >      'request-id': 'req_Q6eKu2G2p5HVy7', {"user":"    'request-id': 'req_Q6eKu2G2p5HVy7',","metadata":{"emulator":{"name":"functions"},"function":{"name":"us-central1-api"},"extension":{},"message":"\u001b[90m> \u001b[39m     'request-id': 'req_Q6eKu2G2p5HVy7',"}}
[info] >      'stripe-version': '2020-08-27', {"user":"    'stripe-version': '2020-08-27',","metadata":{"emulator":{"name":"functions"},"function":{"name":"us-central1-api"},"extension":{},"message":"\u001b[90m> \u001b[39m     'stripe-version': '2020-08-27',"}}
[info] >      'strict-transport-security': 'max-age=31556926; includeSubDomains; preload' {"user":"    'strict-transport-security': 'max-age=31556926; includeSubDomains; preload'","metadata":{"emulator":{"name":"functions"},"function":{"name":"us-central1-api"},"extension":{},"message":"\u001b[90m> \u001b[39m     'strict-transport-security': 'max-age=31556926; includeSubDomains; preload'"}}
[info] >    }, {"user":"  },","metadata":{"emulator":{"name":"functions"},"function":{"name":"us-central1-api"},"extension":{},"message":"\u001b[90m> \u001b[39m   },"}}
[info] >    requestId: 'req_Q6eKu2G2p5HVy7', {"user":"  requestId: 'req_Q6eKu2G2p5HVy7',","metadata":{"emulator":{"name":"functions"},"function":{"name":"us-central1-api"},"extension":{},"message":"\u001b[90m> \u001b[39m   requestId: 'req_Q6eKu2G2p5HVy7',"}}
[info] >    statusCode: 400, {"user":"  statusCode: 400,","metadata":{"emulator":{"name":"functions"},"function":{"name":"us-central1-api"},"extension":{},"message":"\u001b[90m> \u001b[39m   statusCode: 400,"}}
[info] >    charge: undefined, {"user":"  charge: undefined,","metadata":{"emulator":{"name":"functions"},"function":{"name":"us-central1-api"},"extension":{},"message":"\u001b[90m> \u001b[39m   charge: undefined,"}}
[info] >    decline_code: undefined, {"user":"  decline_code: undefined,","metadata":{"emulator":{"name":"functions"},"function":{"name":"us-central1-api"},"extension":{},"message":"\u001b[90m> \u001b[39m   decline_code: undefined,"}}
[info] >    payment_intent: undefined, {"user":"  payment_intent: undefined,","metadata":{"emulator":{"name":"functions"},"function":{"name":"us-central1-api"},"extension":{},"message":"\u001b[90m> \u001b[39m   payment_intent: undefined,"}}
[info] >    payment_method: undefined, {"user":"  payment_method: undefined,","metadata":{"emulator":{"name":"functions"},"function":{"name":"us-central1-api"},"extension":{},"message":"\u001b[90m> \u001b[39m   payment_method: undefined,"}}
[info] >    payment_method_type: undefined, {"user":"  payment_method_type: undefined,","metadata":{"emulator":{"name":"functions"},"function":{"name":"us-central1-api"},"extension":{},"message":"\u001b[90m> \u001b[39m   payment_method_type: undefined,"}}
[info] >    setup_intent: undefined, {"user":"  setup_intent: undefined,","metadata":{"emulator":{"name":"functions"},"function":{"name":"us-central1-api"},"extension":{},"message":"\u001b[90m> \u001b[39m   setup_intent: undefined,"}}
[info] >    source: undefined {"user":"  source: undefined","metadata":{"emulator":{"name":"functions"},"function":{"name":"us-central1-api"},"extension":{},"message":"\u001b[90m> \u001b[39m   source: undefined"}}
[info] >  } {"user":"}","metadata":{"emulator":{"name":"functions"},"function":{"name":"us-central1-api"},"extension":{},"message":"\u001b[90m> \u001b[39m }"}}
[info] >   {"user":"","metadata":{"emulator":{"name":"functions"},"function":{"name":"us-central1-api"},"extension":{},"message":"\u001b[90m> \u001b[39m "}}
[info] >  Node.js v17.6.0 {"user":"Node.js v17.6.0","metadata":{"emulator":{"name":"functions"},"function":{"name":"us-central1-api"},"extension":{},"message":"\u001b[90m> \u001b[39m Node.js v17.6.0"}}
[debug] [2022-03-19T12:38:33.057Z] [worker-us-central1-api-0906e6b0-a5fa-44b8-bde1-269616184133]: exited {"metadata":{"emulator":{"name":"functions"},"message":"[worker-us-central1-api-0906e6b0-a5fa-44b8-bde1-269616184133]: exited"}}
[debug] [2022-03-19T12:38:33.057Z] [worker-us-central1-api-0906e6b0-a5fa-44b8-bde1-269616184133]: FINISHED {"metadata":{"emulator":{"name":"functions"},"message":"[worker-us-central1-api-0906e6b0-a5fa-44b8-bde1-269616184133]: FINISHED"}}
[debug] [2022-03-19T12:38:33.058Z] [work-queue] {"queueLength":0,"workRunningCount":0}
[debug] [2022-03-19T12:42:00.667Z] [work-queue] {"queueLength":1,"workRunningCount":0}
[debug] [2022-03-19T12:42:00.668Z] [work-queue] {"queueLength":0,"workRunningCount":1}
[debug] [2022-03-19T12:42:00.668Z] Accepted request POST /clone-103b0/us-central1/api/payments/create?total=8372 --> us-central1-api
[debug] [2022-03-19T12:42:00.668Z] [worker-pool] Cleaned up workers for us-central1-api: 1 --> 0 {"metadata":{"emulator":{"name":"functions"},"message":"[worker-pool] Cleaned up workers for us-central1-api: 1 --> 0"}}
[debug] [2022-03-19T12:42:00.686Z] [worker-pool] addWorker(us-central1-api) {"metadata":{"emulator":{"name":"functions"},"message":"[worker-pool] addWorker(us-central1-api)"}}
[debug] [2022-03-19T12:42:00.687Z] [worker-pool] Adding worker with key us-central1-api, total=1 {"metadata":{"emulator":{"name":"functions"},"message":"[worker-pool] Adding worker with key us-central1-api, total=1"}}
[debug] [2022-03-19T12:42:00.688Z] [worker-pool] submitWork(triggerId=us-central1-api) {"metadata":{"emulator":{"name":"functions"},"message":"[worker-pool] submitWork(triggerId=us-central1-api)"}}
[debug] [2022-03-19T12:42:00.689Z] [worker-us-central1-api-b13b827b-890b-4784-84f4-b7e413da5363]: Assigning socketPath: /tmp/fire_emu_36496.sock {"metadata":{"emulator":{"name":"functions"},"message":"[worker-us-central1-api-b13b827b-890b-4784-84f4-b7e413da5363]: Assigning socketPath: /tmp/fire_emu_36496.sock"}}
[debug] [2022-03-19T12:42:00.689Z] [worker-us-central1-api-b13b827b-890b-4784-84f4-b7e413da5363]: BUSY {"metadata":{"emulator":{"name":"functions"},"message":"[worker-us-central1-api-b13b827b-890b-4784-84f4-b7e413da5363]: BUSY"}}
[debug] [2022-03-19T12:42:02.883Z] [runtime-status] [36496] Functions runtime initialized. {"cwd":"/home/mohamed/Formation/reactjs/Amazon-Clone/functions","node_version":"17.6.0"} {"metadata":{"emulator":{"name":"functions"},"function":{"name":"us-central1-api"},"extension":{},"message":"[runtime-status] [36496] Functions runtime initialized. {\"cwd\":\"/home/mohamed/Formation/reactjs/Amazon-Clone/functions\",\"node_version\":\"17.6.0\"}"}}
[debug] [2022-03-19T12:42:02.888Z] [runtime-status] [36496] Disabled runtime features: undefined {"metadata":{"emulator":{"name":"functions"},"function":{"name":"us-central1-api"},"extension":{},"message":"[runtime-status] [36496] Disabled runtime features: undefined"}}
[debug] [2022-03-19T12:42:02.893Z] [runtime-status] [36496] Resolved module firebase-admin {"declared":true,"installed":true,"version":"10.0.2","resolution":"/home/mohamed/Formation/reactjs/Amazon-Clone/functions/node_modules/firebase-admin/lib/index.js"} {"metadata":{"emulator":{"name":"functions"},"function":{"name":"us-central1-api"},"extension":{},"message":"[runtime-status] [36496] Resolved module firebase-admin {\"declared\":true,\"installed\":true,\"version\":\"10.0.2\",\"resolution\":\"/home/mohamed/Formation/reactjs/Amazon-Clone/functions/node_modules/firebase-admin/lib/index.js\"}"}}
[debug] [2022-03-19T12:42:02.896Z] [runtime-status] [36496] Resolved module firebase-functions {"declared":true,"installed":true,"version":"3.19.0","resolution":"/home/mohamed/Formation/reactjs/Amazon-Clone/functions/node_modules/firebase-functions/lib/index.js"} {"metadata":{"emulator":{"name":"functions"},"function":{"name":"us-central1-api"},"extension":{},"message":"[runtime-status] [36496] Resolved module firebase-functions {\"declared\":true,\"installed\":true,\"version\":\"3.19.0\",\"resolution\":\"/home/mohamed/Formation/reactjs/Amazon-Clone/functions/node_modules/firebase-functions/lib/index.js\"}"}}
[debug] [2022-03-19T12:42:02.898Z] [runtime-status] [36496] Outgoing network have been stubbed. [{"name":"http","status":"mocked"},{"name":"http","status":"mocked"},{"name":"https","status":"mocked"},{"name":"https","status":"mocked"},{"name":"net","status":"mocked"}] {"metadata":{"emulator":{"name":"functions"},"function":{"name":"us-central1-api"},"extension":{},"message":"[runtime-status] [36496] Outgoing network have been stubbed. [{\"name\":\"http\",\"status\":\"mocked\"},{\"name\":\"http\",\"status\":\"mocked\"},{\"name\":\"https\",\"status\":\"mocked\"},{\"name\":\"https\",\"status\":\"mocked\"},{\"name\":\"net\",\"status\":\"mocked\"}]"}}
[debug] [2022-03-19T12:42:02.900Z] [runtime-status] [36496] Resolved module firebase-functions {"declared":true,"installed":true,"version":"3.19.0","resolution":"/home/mohamed/Formation/reactjs/Amazon-Clone/functions/node_modules/firebase-functions/lib/index.js"} {"metadata":{"emulator":{"name":"functions"},"function":{"name":"us-central1-api"},"extension":{},"message":"[runtime-status] [36496] Resolved module firebase-functions {\"declared\":true,\"installed\":true,\"version\":\"3.19.0\",\"resolution\":\"/home/mohamed/Formation/reactjs/Amazon-Clone/functions/node_modules/firebase-functions/lib/index.js\"}"}}
[debug] [2022-03-19T12:42:02.993Z] [runtime-status] [36496] Checked functions.config() {"config":{}} {"metadata":{"emulator":{"name":"functions"},"function":{"name":"us-central1-api"},"extension":{},"message":"[runtime-status] [36496] Checked functions.config() {\"config\":{}}"}}
[debug] [2022-03-19T12:42:02.994Z] [runtime-status] [36496] firebase-functions has been stubbed. {"functionsResolution":{"declared":true,"installed":true,"version":"3.19.0","resolution":"/home/mohamed/Formation/reactjs/Amazon-Clone/functions/node_modules/firebase-functions/lib/index.js"}} {"metadata":{"emulator":{"name":"functions"},"function":{"name":"us-central1-api"},"extension":{},"message":"[runtime-status] [36496] firebase-functions has been stubbed. {\"functionsResolution\":{\"declared\":true,\"installed\":true,\"version\":\"3.19.0\",\"resolution\":\"/home/mohamed/Formation/reactjs/Amazon-Clone/functions/node_modules/firebase-functions/lib/index.js\"}}"}}
[debug] [2022-03-19T12:42:02.995Z] [runtime-status] [36496] Resolved module firebase-functions {"declared":true,"installed":true,"version":"3.19.0","resolution":"/home/mohamed/Formation/reactjs/Amazon-Clone/functions/node_modules/firebase-functions/lib/index.js"} {"metadata":{"emulator":{"name":"functions"},"function":{"name":"us-central1-api"},"extension":{},"message":"[runtime-status] [36496] Resolved module firebase-functions {\"declared\":true,\"installed\":true,\"version\":\"3.19.0\",\"resolution\":\"/home/mohamed/Formation/reactjs/Amazon-Clone/functions/node_modules/firebase-functions/lib/index.js\"}"}}
[debug] [2022-03-19T12:42:02.999Z] [runtime-status] [36496] Resolved module firebase-admin {"declared":true,"installed":true,"version":"10.0.2","resolution":"/home/mohamed/Formation/reactjs/Amazon-Clone/functions/node_modules/firebase-admin/lib/index.js"} {"metadata":{"emulator":{"name":"functions"},"function":{"name":"us-central1-api"},"extension":{},"message":"[runtime-status] [36496] Resolved module firebase-admin {\"declared\":true,\"installed\":true,\"version\":\"10.0.2\",\"resolution\":\"/home/mohamed/Formation/reactjs/Amazon-Clone/functions/node_modules/firebase-admin/lib/index.js\"}"}}
[debug] [2022-03-19T12:42:03.002Z] [runtime-status] [36496] Resolved module firebase-functions {"declared":true,"installed":true,"version":"3.19.0","resolution":"/home/mohamed/Formation/reactjs/Amazon-Clone/functions/node_modules/firebase-functions/lib/index.js"} {"metadata":{"emulator":{"name":"functions"},"function":{"name":"us-central1-api"},"extension":{},"message":"[runtime-status] [36496] Resolved module firebase-functions {\"declared\":true,\"installed\":true,\"version\":\"3.19.0\",\"resolution\":\"/home/mohamed/Formation/reactjs/Amazon-Clone/functions/node_modules/firebase-functions/lib/index.js\"}"}}
[debug] [2022-03-19T12:42:03.002Z] [runtime-status] [36496] firebase-admin has been stubbed. {"adminResolution":{"declared":true,"installed":true,"version":"10.0.2","resolution":"/home/mohamed/Formation/reactjs/Amazon-Clone/functions/node_modules/firebase-admin/lib/index.js"}} {"metadata":{"emulator":{"name":"functions"},"function":{"name":"us-central1-api"},"extension":{},"message":"[runtime-status] [36496] firebase-admin has been stubbed. {\"adminResolution\":{\"declared\":true,\"installed\":true,\"version\":\"10.0.2\",\"resolution\":\"/home/mohamed/Formation/reactjs/Amazon-Clone/functions/node_modules/firebase-admin/lib/index.js\"}}"}}
[debug] [2022-03-19T12:42:03.183Z] [runtime-status] [36496] Beginning invocation function api! {"metadata":{"emulator":{"name":"functions"},"function":{"name":"us-central1-api"},"extension":{},"message":"[runtime-status] [36496] Beginning invocation function api!"}}
[info] i  functions: Beginning execution of "api" {"metadata":{"emulator":{"name":"functions"},"function":{"name":"us-central1-api"},"extension":{},"message":"Beginning execution of \"api\""}}
[debug] [2022-03-19T12:42:03.184Z] [runtime-status] [36496] Running api in signature http {"metadata":{"emulator":{"name":"functions"},"function":{"name":"us-central1-api"},"extension":{},"message":"[runtime-status] [36496] Running api in signature http"}}
[debug] [2022-03-19T12:42:03.192Z] [runtime-status] [36496] Attempting to listen to socketPath: /tmp/fire_emu_36496.sock {"metadata":{"emulator":{"name":"functions"},"function":{"name":"us-central1-api"},"extension":{},"message":"[runtime-status] [36496] Attempting to listen to socketPath: /tmp/fire_emu_36496.sock"}}
[debug] [2022-03-19T12:42:03.211Z] [functions] Runtime ready! Sending request! {"metadata":{"emulator":{"name":"functions"},"message":"[functions] Runtime ready! Sending request!"}}
[debug] [2022-03-19T12:42:03.212Z] [functions] Got req.url=/clone-103b0/us-central1/api/payments/create?total=8372, mapping to path=/payments/create?total=8372 {"metadata":{"emulator":{"name":"functions"},"message":"[functions] Got req.url=/clone-103b0/us-central1/api/payments/create?total=8372, mapping to path=/payments/create?total=8372"}}
[debug] [2022-03-19T12:42:03.230Z] [runtime-status] [36496] Ephemeral server handling POST request {"metadata":{"emulator":{"name":"functions"},"function":{"name":"us-central1-api"},"extension":{},"message":"[runtime-status] [36496] Ephemeral server handling POST request"}}
[info] >  payment Request Recived BOOM!! for this amount >>>>  8372 {"user":"payment Request Recived BOOM!! for this amount >>>>  8372","metadata":{"emulator":{"name":"functions"},"function":{"name":"us-central1-api"},"extension":{},"message":"\u001b[90m> \u001b[39m payment Request Recived BOOM!! for this amount >>>>  8372"}}
[debug] [2022-03-19T12:42:03.260Z] [runtime-status] [36496] Ephemeral server survived. {"metadata":{"emulator":{"name":"functions"},"function":{"name":"us-central1-api"},"extension":{},"message":"[runtime-status] [36496] Ephemeral server survived."}}
[info] >  SEC >>>>>  pi_3Kf1bcIlPEqhutrS2i2cll6Z_secret_cRChgvG389D0oRDHpmyCsNQBw {"user":"SEC >>>>>  pi_3Kf1bcIlPEqhutrS2i2cll6Z_secret_cRChgvG389D0oRDHpmyCsNQBw","metadata":{"emulator":{"name":"functions"},"function":{"name":"us-central1-api"},"extension":{},"message":"\u001b[90m> \u001b[39m SEC >>>>>  pi_3Kf1bcIlPEqhutrS2i2cll6Z_secret_cRChgvG389D0oRDHpmyCsNQBw"}}
[info] i  functions: Finished "api" in ~1s {"metadata":{"emulator":{"name":"functions"},"function":{"name":"us-central1-api"},"extension":{},"message":"Finished \"api\" in ~1s"}}
[debug] [2022-03-19T12:42:04.131Z] [worker-us-central1-api-b13b827b-890b-4784-84f4-b7e413da5363]: IDLE {"metadata":{"emulator":{"name":"functions"},"message":"[worker-us-central1-api-b13b827b-890b-4784-84f4-b7e413da5363]: IDLE"}}
[debug] [2022-03-19T12:42:04.132Z] [work-queue] {"queueLength":0,"workRunningCount":0}
